<?xml version="1.0" encoding="UTF-8"?>
<testsuite xmlns:xsi="http://www.w3.org/2001/XMLSchema-instance" xsi:noNamespaceSchemaLocation="https://maven.apache.org/surefire/maven-surefire-plugin/xsd/surefire-test-report.xsd" version="3.0.2" name="AdventureTest" time="0.036" tests="10" errors="0" skipped="0" failures="0">
  <properties>
    <property name="java.specification.version" value="22"/>
    <property name="sun.jnu.encoding" value="UTF-8"/>
    <property name="java.class.path" value="/Users/timothywininger/Documents/SE/Text-Adventure-1/target/test-classes:/Users/timothywininger/Documents/SE/Text-Adventure-1/target/classes:/Users/timothywininger/.m2/repository/junit/junit/4.13.2/junit-4.13.2.jar:/Users/timothywininger/.m2/repository/org/hamcrest/hamcrest-core/1.3/hamcrest-core-1.3.jar:/Users/timothywininger/.m2/repository/org/apache/commons/commons-math3/3.6.1/commons-math3-3.6.1.jar:"/>
    <property name="java.vm.vendor" value="Homebrew"/>
    <property name="sun.arch.data.model" value="64"/>
    <property name="java.vendor.url" value="https://github.com/Homebrew/homebrew-core/issues"/>
    <property name="os.name" value="Mac OS X"/>
    <property name="java.vm.specification.version" value="22"/>
    <property name="sun.java.launcher" value="SUN_STANDARD"/>
    <property name="user.country" value="US"/>
    <property name="sun.boot.library.path" value="/opt/homebrew/Cellar/openjdk/22.0.2/libexec/openjdk.jdk/Contents/Home/lib"/>
    <property name="sun.java.command" value="/Users/timothywininger/Documents/SE/Text-Adventure-1/target/surefire/surefirebooter-20241007141514028_3.jar /Users/timothywininger/Documents/SE/Text-Adventure-1/target/surefire 2024-10-07T14-15-13_980-jvmRun1 surefire-20241007141514028_1tmp surefire_0-20241007141514028_2tmp"/>
    <property name="http.nonProxyHosts" value="local|*.local|169.254/16|*.169.254/16"/>
    <property name="jdk.debug" value="release"/>
    <property name="surefire.test.class.path" value="/Users/timothywininger/Documents/SE/Text-Adventure-1/target/test-classes:/Users/timothywininger/Documents/SE/Text-Adventure-1/target/classes:/Users/timothywininger/.m2/repository/junit/junit/4.13.2/junit-4.13.2.jar:/Users/timothywininger/.m2/repository/org/hamcrest/hamcrest-core/1.3/hamcrest-core-1.3.jar:/Users/timothywininger/.m2/repository/org/apache/commons/commons-math3/3.6.1/commons-math3-3.6.1.jar:"/>
    <property name="sun.cpu.endian" value="little"/>
    <property name="user.home" value="/Users/timothywininger"/>
    <property name="user.language" value="en"/>
    <property name="java.specification.vendor" value="Oracle Corporation"/>
    <property name="java.version.date" value="2024-07-16"/>
    <property name="java.home" value="/opt/homebrew/Cellar/openjdk/22.0.2/libexec/openjdk.jdk/Contents/Home"/>
    <property name="file.separator" value="/"/>
    <property name="basedir" value="/Users/timothywininger/Documents/SE/Text-Adventure-1"/>
    <property name="java.vm.compressedOopsMode" value="Zero based"/>
    <property name="line.separator" value="&#10;"/>
    <property name="java.vm.specification.vendor" value="Oracle Corporation"/>
    <property name="java.specification.name" value="Java Platform API Specification"/>
    <property name="apple.awt.application.name" value="ForkedBooter"/>
    <property name="surefire.real.class.path" value="/Users/timothywininger/Documents/SE/Text-Adventure-1/target/surefire/surefirebooter-20241007141514028_3.jar"/>
    <property name="sun.management.compiler" value="HotSpot 64-Bit Tiered Compilers"/>
    <property name="ftp.nonProxyHosts" value="local|*.local|169.254/16|*.169.254/16"/>
    <property name="java.runtime.version" value="22.0.2"/>
    <property name="user.name" value="timothywininger"/>
    <property name="stdout.encoding" value="UTF-8"/>
    <property name="path.separator" value=":"/>
    <property name="os.version" value="13.2.1"/>
    <property name="java.runtime.name" value="OpenJDK Runtime Environment"/>
    <property name="file.encoding" value="UTF-8"/>
    <property name="java.vm.name" value="OpenJDK 64-Bit Server VM"/>
    <property name="java.vendor.version" value="Homebrew"/>
    <property name="localRepository" value="/Users/timothywininger/.m2/repository"/>
    <property name="java.vendor.url.bug" value="https://github.com/Homebrew/homebrew-core/issues"/>
    <property name="java.io.tmpdir" value="/var/folders/4x/xfd7bg8d5ys49tj_qkpgvhn40000gn/T/"/>
    <property name="java.version" value="22.0.2"/>
    <property name="user.dir" value="/Users/timothywininger/Documents/SE/Text-Adventure-1"/>
    <property name="os.arch" value="aarch64"/>
    <property name="java.vm.specification.name" value="Java Virtual Machine Specification"/>
    <property name="native.encoding" value="UTF-8"/>
    <property name="java.library.path" value="/Users/timothywininger/Library/Java/Extensions:/Library/Java/Extensions:/Network/Library/Java/Extensions:/System/Library/Java/Extensions:/usr/lib/java:."/>
    <property name="java.vm.info" value="mixed mode, sharing"/>
    <property name="stderr.encoding" value="UTF-8"/>
    <property name="java.vendor" value="Homebrew"/>
    <property name="java.vm.version" value="22.0.2"/>
    <property name="sun.io.unicode.encoding" value="UnicodeBig"/>
    <property name="socksNonProxyHosts" value="local|*.local|169.254/16|*.169.254/16"/>
    <property name="java.class.version" value="66.0"/>
  </properties>
  <testcase name="testRemoveFromEmptyInventory" classname="AdventureTest" time="0.004">
    <system-out><![CDATA[Item not found in inventory.
]]></system-out>
  </testcase>
  <testcase name="testAddItem" classname="AdventureTest" time="0.001">
    <system-out><![CDATA[&amp#27;[1;33mYou have picked up: &amp#27;[0m&amp#27;[3;90mMysterious Stone&amp#27;[0m
]]></system-out>
  </testcase>
  <testcase name="testShowInventory" classname="AdventureTest" time="0.001">
    <system-out><![CDATA[&amp#27;[1;33mYou have picked up: &amp#27;[0m&amp#27;[3;90mHealing Potion&amp#27;[0m
]]></system-out>
  </testcase>
  <testcase name="testClearInventory" classname="AdventureTest" time="0.0">
    <system-out><![CDATA[&amp#27;[1;33mYou have picked up: &amp#27;[0m&amp#27;[3;90mMysterious Stone&amp#27;[0m
Your inventory has been cleared.
]]></system-out>
  </testcase>
  <testcase name="testMultipleAddRemove" classname="AdventureTest" time="0.001">
    <system-out><![CDATA[&amp#27;[1;33mYou have picked up: &amp#27;[0m&amp#27;[3;90mItem1&amp#27;[0m
&amp#27;[1;33mYou have picked up: &amp#27;[0m&amp#27;[3;90mItem2&amp#27;[0m
&amp#27;[3;90mThat item does not exist. Please try again.&amp#27;[0m
]]></system-out>
  </testcase>
  <testcase name="testAddSpecialCharacterItem" classname="AdventureTest" time="0.0">
    <system-out><![CDATA[&amp#27;[1;33mYou have picked up: &amp#27;[0m&amp#27;[3;90mSpecial@Item!&amp#27;[0m
]]></system-out>
  </testcase>
  <testcase name="testRemoveItem" classname="AdventureTest" time="0.0">
    <system-out><![CDATA[&amp#27;[1;33mYou have picked up: &amp#27;[0m&amp#27;[3;90mHealing Potion&amp#27;[0m
&amp#27;[3;90mThat item does not exist. Please try again.&amp#27;[0m
]]></system-out>
  </testcase>
  <testcase name="testRemoveNonExistentItem" classname="AdventureTest" time="0.001">
    <system-out><![CDATA[&amp#27;[1;33mYou have picked up: &amp#27;[0m&amp#27;[3;90mShield&amp#27;[0m
Item not found in inventory.
]]></system-out>
  </testcase>
  <testcase name="testAddEmptyStringItem" classname="AdventureTest" time="0.0">
    <system-out><![CDATA[&amp#27;[1;33mYou have picked up: &amp#27;[0m&amp#27;[3;90m&amp#27;[0m
]]></system-out>
  </testcase>
  <testcase name="testAddDuplicateItem" classname="AdventureTest" time="0.001">
    <system-out><![CDATA[&amp#27;[1;33mYou have picked up: &amp#27;[0m&amp#27;[3;90mMysterious Stone&amp#27;[0m
&amp#27;[1;33mYou have picked up: &amp#27;[0m&amp#27;[3;90mMysterious Stone&amp#27;[0m
]]></system-out>
  </testcase>
</testsuite>