<?xml version="1.0" encoding="UTF-8"?>
<testsuite xmlns:xsi="http://www.w3.org/2001/XMLSchema-instance" xsi:noNamespaceSchemaLocation="https://maven.apache.org/surefire/maven-surefire-plugin/xsd/surefire-test-report.xsd" version="3.0.2" name="AdventureTest" time="0.148" tests="10" errors="0" skipped="0" failures="0">
  <properties>
    <property name="java.specification.version" value="20"/>
    <property name="sun.cpu.isalist" value="amd64"/>
    <property name="sun.jnu.encoding" value="Cp1252"/>
    <property name="java.class.path" value="C:\Users\chibu\Desktop\S.E.Program\Text-Adventure-1\target\test-classes;C:\Users\chibu\Desktop\S.E.Program\Text-Adventure-1\target\classes;C:\Users\chibu\.m2\repository\junit\junit\4.13.2\junit-4.13.2.jar;C:\Users\chibu\.m2\repository\org\hamcrest\hamcrest-core\1.3\hamcrest-core-1.3.jar;C:\Users\chibu\.m2\repository\org\apache\commons\commons-math3\3.6.1\commons-math3-3.6.1.jar;"/>
    <property name="java.vm.vendor" value="Oracle Corporation"/>
    <property name="sun.arch.data.model" value="64"/>
    <property name="user.variant" value=""/>
    <property name="java.vendor.url" value="https://java.oracle.com/"/>
    <property name="user.timezone" value="America/Chicago"/>
    <property name="os.name" value="Windows 11"/>
    <property name="java.vm.specification.version" value="20"/>
    <property name="sun.java.launcher" value="SUN_STANDARD"/>
    <property name="user.country" value="US"/>
    <property name="sun.boot.library.path" value="C:\Program Files\Java\jdk-20\bin"/>
    <property name="sun.java.command" value="C:\Users\chibu\AppData\Local\Temp\surefire4744439896990419012\surefirebooter-20241007142159348_3.jar C:\Users\chibu\AppData\Local\Temp\surefire4744439896990419012 2024-10-07T14-21-59_121-jvmRun1 surefire-20241007142159348_1tmp surefire_0-20241007142159348_2tmp"/>
    <property name="jdk.debug" value="release"/>
    <property name="surefire.test.class.path" value="C:\Users\chibu\Desktop\S.E.Program\Text-Adventure-1\target\test-classes;C:\Users\chibu\Desktop\S.E.Program\Text-Adventure-1\target\classes;C:\Users\chibu\.m2\repository\junit\junit\4.13.2\junit-4.13.2.jar;C:\Users\chibu\.m2\repository\org\hamcrest\hamcrest-core\1.3\hamcrest-core-1.3.jar;C:\Users\chibu\.m2\repository\org\apache\commons\commons-math3\3.6.1\commons-math3-3.6.1.jar;"/>
    <property name="sun.cpu.endian" value="little"/>
    <property name="user.home" value="C:\Users\chibu"/>
    <property name="user.language" value="en"/>
    <property name="java.specification.vendor" value="Oracle Corporation"/>
    <property name="java.version.date" value="2023-07-18"/>
    <property name="java.home" value="C:\Program Files\Java\jdk-20"/>
    <property name="file.separator" value="\"/>
    <property name="basedir" value="C:\Users\chibu\Desktop\S.E.Program\Text-Adventure-1"/>
    <property name="java.vm.compressedOopsMode" value="Zero based"/>
    <property name="line.separator" value="&#10;"/>
    <property name="java.vm.specification.vendor" value="Oracle Corporation"/>
    <property name="java.specification.name" value="Java Platform API Specification"/>
    <property name="surefire.real.class.path" value="C:\Users\chibu\AppData\Local\Temp\surefire4744439896990419012\surefirebooter-20241007142159348_3.jar"/>
    <property name="user.script" value=""/>
    <property name="sun.management.compiler" value="HotSpot 64-Bit Tiered Compilers"/>
    <property name="java.runtime.version" value="20.0.2+9-78"/>
    <property name="user.name" value="chibu"/>
    <property name="stdout.encoding" value="Cp1252"/>
    <property name="path.separator" value=";"/>
    <property name="os.version" value="10.0"/>
    <property name="java.runtime.name" value="Java(TM) SE Runtime Environment"/>
    <property name="file.encoding" value="UTF-8"/>
    <property name="java.vm.name" value="Java HotSpot(TM) 64-Bit Server VM"/>
    <property name="localRepository" value="C:\Users\chibu\.m2\repository"/>
    <property name="java.vendor.url.bug" value="https://bugreport.java.com/bugreport/"/>
    <property name="java.io.tmpdir" value="C:\Users\chibu\AppData\Local\Temp\"/>
    <property name="java.version" value="20.0.2"/>
    <property name="user.dir" value="C:\Users\chibu\Desktop\S.E.Program\Text-Adventure-1"/>
    <property name="os.arch" value="amd64"/>
    <property name="java.vm.specification.name" value="Java Virtual Machine Specification"/>
    <property name="sun.os.patch.level" value=""/>
    <property name="native.encoding" value="Cp1252"/>
    <property name="java.library.path" value="C:\Program Files\Java\jdk-20\bin;C:\WINDOWS\Sun\Java\bin;C:\WINDOWS\system32;C:\WINDOWS;C:\Python312\Scripts\;C:\Python312\;C:\Program Files\Common Files\Oracle\Java\javapath;C:\Program Files\Microsoft\jdk-11.0.16.101-hotspot\bin;C:\WINDOWS\system32;C:\WINDOWS;C:\WINDOWS\System32\Wbem;C:\WINDOWS\System32\WindowsPowerShell\v1.0\;C:\WINDOWS\System32\OpenSSH\;C:\Program Files\dotnet\;C:\Program Files\HP\HP One Agent;C:\php-8.3.10;C:\Users\chibu\Desktop\S.E.Program\apache-maven-3.9.9\bin;C:\Program Files\Git\cmd;C:\Windows\S.E.Program\;C:\ProgramData\chocolatey\bin;C:\Users\chibu\.console-ninja\.bin;C:\Users\chibu\AppData\Local\Microsoft\WindowsApps;C:\MinGW\bin;C:\Users\chibu\AppData\Local\Programs\Microsoft VS Code\bin;C:\Users\chibu\.dotnet\tools;C:\Users\chibu\AppData\Local\GitHubDesktop\bin;C:\php-8.3.10;C:\Users\chibu\AppData\Roaming\npm;C:\Users\chibu\.dotnet\tools;C:\Program Files\dotnet\dotnet.exe;."/>
    <property name="java.vm.info" value="mixed mode, sharing"/>
    <property name="stderr.encoding" value="Cp1252"/>
    <property name="java.vendor" value="Oracle Corporation"/>
    <property name="java.vm.version" value="20.0.2+9-78"/>
    <property name="sun.io.unicode.encoding" value="UnicodeLittle"/>
    <property name="java.class.version" value="64.0"/>
  </properties>
  <testcase name="testRemoveFromEmptyInventory" classname="AdventureTest" time="0.016">
    <system-out><![CDATA[Item not found in inventory.
]]></system-out>
  </testcase>
  <testcase name="testAddItem" classname="AdventureTest" time="0.01">
    <system-out><![CDATA[&amp#27;[1;33mYou have picked up: &amp#27;[0m&amp#27;[3;90mMysterious Stone&amp#27;[0m
]]></system-out>
  </testcase>
  <testcase name="testShowInventory" classname="AdventureTest" time="0.0">
    <system-out><![CDATA[&amp#27;[1;33mYou have picked up: &amp#27;[0m&amp#27;[3;90mHealing Potion&amp#27;[0m
]]></system-out>
  </testcase>
  <testcase name="testClearInventory" classname="AdventureTest" time="0.005">
    <system-out><![CDATA[&amp#27;[1;33mYou have picked up: &amp#27;[0m&amp#27;[3;90mMysterious Stone&amp#27;[0m
Your inventory has been cleared.
]]></system-out>
  </testcase>
  <testcase name="testMultipleAddRemove" classname="AdventureTest" time="0.004">
    <system-out><![CDATA[&amp#27;[1;33mYou have picked up: &amp#27;[0m&amp#27;[3;90mItem1&amp#27;[0m
&amp#27;[1;33mYou have picked up: &amp#27;[0m&amp#27;[3;90mItem2&amp#27;[0m
&amp#27;[3;90mThat item does not exist. Please try again.&amp#27;[0m
]]></system-out>
  </testcase>
  <testcase name="testAddSpecialCharacterItem" classname="AdventureTest" time="0.0">
    <system-out><![CDATA[&amp#27;[1;33mYou have picked up: &amp#27;[0m&amp#27;[3;90mSpecial@Item!&amp#27;[0m
]]></system-out>
  </testcase>
  <testcase name="testRemoveItem" classname="AdventureTest" time="0.0">
    <system-out><![CDATA[&amp#27;[1;33mYou have picked up: &amp#27;[0m&amp#27;[3;90mHealing Potion&amp#27;[0m
&amp#27;[3;90mThat item does not exist. Please try again.&amp#27;[0m
]]></system-out>
  </testcase>
  <testcase name="testRemoveNonExistentItem" classname="AdventureTest" time="0.008">
    <system-out><![CDATA[&amp#27;[1;33mYou have picked up: &amp#27;[0m&amp#27;[3;90mShield&amp#27;[0m
Item not found in inventory.
]]></system-out>
  </testcase>
  <testcase name="testAddEmptyStringItem" classname="AdventureTest" time="0.0">
    <system-out><![CDATA[&amp#27;[1;33mYou have picked up: &amp#27;[0m&amp#27;[3;90m&amp#27;[0m
]]></system-out>
  </testcase>
  <testcase name="testAddDuplicateItem" classname="AdventureTest" time="0.007">
    <system-out><![CDATA[&amp#27;[1;33mYou have picked up: &amp#27;[0m&amp#27;[3;90mMysterious Stone&amp#27;[0m
&amp#27;[1;33mYou have picked up: &amp#27;[0m&amp#27;[3;90mMysterious Stone&amp#27;[0m
]]></system-out>
  </testcase>
</testsuite>